Release 12.3 Map M.70d (nt)
Xilinx Mapping Report File for Design 'memory'

Design Information
------------------
Command Line   : map -intstyle ise -p xc3s200-ft256-4 -cm area -ir off -pr off
-c 100 -o memory_map.ncd memory.ngd memory.pcf 
Target Device  : xc3s200
Target Package : ft256
Target Speed   : -4
Mapper Version : spartan3 -- $Revision: 1.52 $
Mapped Date    : Sun Apr 24 23:48:42 2011

Design Summary
--------------
Number of errors:      0
Number of warnings:    0
Logic Utilization:
  Number of Slice Flip Flops:           432 out of   3,840   11%
  Number of 4 input LUTs:               272 out of   3,840    7%
Logic Distribution:
  Number of occupied Slices:            345 out of   1,920   17%
    Number of Slices containing only related logic:     345 out of     345 100%
    Number of Slices containing unrelated logic:          0 out of     345   0%
      *See NOTES below for an explanation of the effects of unrelated logic.
  Total Number of 4 input LUTs:         272 out of   3,840    7%
  Number of bonded IOBs:                 41 out of     173   23%
  Number of BUFGMUXs:                     1 out of       8   12%

Average Fanout of Non-Clock Nets:                3.65

Peak Memory Usage:  162 MB
Total REAL time to MAP completion:  11 secs 
Total CPU time to MAP completion:   11 secs 

NOTES:

   Related logic is defined as being logic that shares connectivity - e.g. two
   LUTs are "related" if they share common inputs.  When assembling slices,
   Map gives priority to combine logic that is related.  Doing so results in
   the best timing performance.

   Unrelated logic shares no connectivity.  Map will only begin packing
   unrelated logic into a slice once 99% of the slices are occupied through
   related logic packing.

   Note that once logic distribution reaches the 99% level through related
   logic packing, this does not mean the device is completely utilized.
   Unrelated logic packing will then begin, continuing until all usable LUTs
   and FFs are occupied.  Depending on your timing budget, increased levels of
   unrelated logic packing may adversely affect the overall timing performance
   of your design.

Table of Contents
-----------------
Section 1 - Errors
Section 2 - Warnings
Section 3 - Informational
Section 4 - Removed Logic Summary
Section 5 - Removed Logic
Section 6 - IOB Properties
Section 7 - RPMs
Section 8 - Guide Report
Section 9 - Area Group and Partition Summary
Section 10 - Timing Report
Section 11 - Configuration String Information
Section 12 - Control Set Information
Section 13 - Utilization by Hierarchy

Section 1 - Errors
------------------

Section 2 - Warnings
--------------------

Section 3 - Informational
-------------------------
INFO:LIT:243 - Logical network address<7> has no load.
INFO:LIT:395 - The above info message is repeated 2 more times for the following
   (max. 5 shown):
   address<6>,
   address<5>
   To see the details of these info messages, please use the -detail switch.
INFO:MapLib:562 - No environment variables are currently set.
INFO:LIT:244 - All of the single ended outputs in this design are using slew
   rate limited output drivers. The delay on speed critical single ended outputs
   can be dramatically reduced by designating them as fast outputs.

Section 4 - Removed Logic Summary
---------------------------------
   1 block(s) optimized away

Section 5 - Removed Logic
-------------------------

Optimized Block(s):
TYPE 		BLOCK
VCC 		XST_VCC

To enable printing of redundant blocks removed and signals merged, set the
detailed map report option and rerun map.

Section 6 - IOB Properties
--------------------------

+---------------------------------------------------------------------------------------------------------------------------------------------------------+
| IOB Name                           | Type             | Direction | IO Standard          | Diff  | Drive    | Slew | Reg (s)      | Resistor | IOB      |
|                                    |                  |           |                      | Term  | Strength | Rate |              |          | Delay    |
+---------------------------------------------------------------------------------------------------------------------------------------------------------+
| Mre                                | IOB              | INPUT     | LVCMOS25             |       |          |      |              |          |          |
| Mwe                                | IOB              | INPUT     | LVCMOS25             |       |          |      |              |          |          |
| address<0>                         | IOB              | INPUT     | LVCMOS25             |       |          |      |              |          |          |
| address<1>                         | IOB              | INPUT     | LVCMOS25             |       |          |      |              |          |          |
| address<2>                         | IOB              | INPUT     | LVCMOS25             |       |          |      |              |          |          |
| address<3>                         | IOB              | INPUT     | LVCMOS25             |       |          |      |              |          |          |
| address<4>                         | IOB              | INPUT     | LVCMOS25             |       |          |      |              |          |          |
| clock                              | IOB              | INPUT     | LVCMOS25             |       |          |      |              |          |          |
| data_in<0>                         | IOB              | INPUT     | LVCMOS25             |       |          |      |              |          |          |
| data_in<1>                         | IOB              | INPUT     | LVCMOS25             |       |          |      |              |          |          |
| data_in<2>                         | IOB              | INPUT     | LVCMOS25             |       |          |      |              |          |          |
| data_in<3>                         | IOB              | INPUT     | LVCMOS25             |       |          |      |              |          |          |
| data_in<4>                         | IOB              | INPUT     | LVCMOS25             |       |          |      |              |          |          |
| data_in<5>                         | IOB              | INPUT     | LVCMOS25             |       |          |      |              |          |          |
| data_in<6>                         | IOB              | INPUT     | LVCMOS25             |       |          |      |              |          |          |
| data_in<7>                         | IOB              | INPUT     | LVCMOS25             |       |          |      |              |          |          |
| data_in<8>                         | IOB              | INPUT     | LVCMOS25             |       |          |      |              |          |          |
| data_in<9>                         | IOB              | INPUT     | LVCMOS25             |       |          |      |              |          |          |
| data_in<10>                        | IOB              | INPUT     | LVCMOS25             |       |          |      |              |          |          |
| data_in<11>                        | IOB              | INPUT     | LVCMOS25             |       |          |      |              |          |          |
| data_in<12>                        | IOB              | INPUT     | LVCMOS25             |       |          |      |              |          |          |
| data_in<13>                        | IOB              | INPUT     | LVCMOS25             |       |          |      |              |          |          |
| data_in<14>                        | IOB              | INPUT     | LVCMOS25             |       |          |      |              |          |          |
| data_in<15>                        | IOB              | INPUT     | LVCMOS25             |       |          |      |              |          |          |
| data_out<0>                        | IOB              | OUTPUT    | LVCMOS25             |       | 12       | SLOW |              |          |          |
| data_out<1>                        | IOB              | OUTPUT    | LVCMOS25             |       | 12       | SLOW |              |          |          |
| data_out<2>                        | IOB              | OUTPUT    | LVCMOS25             |       | 12       | SLOW |              |          |          |
| data_out<3>                        | IOB              | OUTPUT    | LVCMOS25             |       | 12       | SLOW |              |          |          |
| data_out<4>                        | IOB              | OUTPUT    | LVCMOS25             |       | 12       | SLOW |              |          |          |
| data_out<5>                        | IOB              | OUTPUT    | LVCMOS25             |       | 12       | SLOW |              |          |          |
| data_out<6>                        | IOB              | OUTPUT    | LVCMOS25             |       | 12       | SLOW |              |          |          |
| data_out<7>                        | IOB              | OUTPUT    | LVCMOS25             |       | 12       | SLOW |              |          |          |
| data_out<8>                        | IOB              | OUTPUT    | LVCMOS25             |       | 12       | SLOW |              |          |          |
| data_out<9>                        | IOB              | OUTPUT    | LVCMOS25             |       | 12       | SLOW |              |          |          |
| data_out<10>                       | IOB              | OUTPUT    | LVCMOS25             |       | 12       | SLOW |              |          |          |
| data_out<11>                       | IOB              | OUTPUT    | LVCMOS25             |       | 12       | SLOW |              |          |          |
| data_out<12>                       | IOB              | OUTPUT    | LVCMOS25             |       | 12       | SLOW |              |          |          |
| data_out<13>                       | IOB              | OUTPUT    | LVCMOS25             |       | 12       | SLOW |              |          |          |
| data_out<14>                       | IOB              | OUTPUT    | LVCMOS25             |       | 12       | SLOW |              |          |          |
| data_out<15>                       | IOB              | OUTPUT    | LVCMOS25             |       | 12       | SLOW |              |          |          |
| rst                                | IOB              | INPUT     | LVCMOS25             |       |          |      |              |          |          |
+---------------------------------------------------------------------------------------------------------------------------------------------------------+

Section 7 - RPMs
----------------

Section 8 - Guide Report
------------------------
Guide not run on this design.

Section 9 - Area Group and Partition Summary
--------------------------------------------

Partition Implementation Status
-------------------------------

  No Partitions were found in this design.

-------------------------------

Area Group Information
----------------------

  No area groups were found in this design.

----------------------

Section 10 - Timing Report
--------------------------
This design was not run using timing mode.

Section 11 - Configuration String Details
-----------------------------------------
Use the "-detail" map option to print out Configuration Strings

Section 12 - Control Set Information
------------------------------------
No control set information for this architecture.

Section 13 - Utilization by Hierarchy
-------------------------------------
Use the "-detail" map option to print out the Utilization by Hierarchy section.
