0001   0000 2A 60 00    	LHLD 0060H
0002   0003 3E 00       	MVI A,00H
0003   0005 32 64 00    	STA 0064H
0004   0008 32 65 00    	STA 0065H
0005   000B 47          	MOV B,A
0006   000C 4F          	MOV C,A
0007   000D 57          	MOV D,A
0008   000E 5F          	MOV E,A
0009   000F 0E 00       LOOP:	MVI C,00H
0010   0011 3A 64 00    	LDA 0064H
0011   0014 47          	MOV B,A
0012   0015 3A 62 00    	LDA 0062H
0013   0018 80          	ADD B
0014   0019 32 64 00    	STA 0064H
0015   001C D2 20 00    	JNC LBL1
0016   001F 0C          	INR C
0017   0020 3A 65 00    LBL1:	LDA 0065H
0018   0023 47          	MOV B,A
0019   0024 3A 63 00    	LDA 0063H
0020   0027 80          	ADD B
0021   0028 32 65 00    	STA 0065H
0022   002B D2 36 00    	JNC LBL2
0023   002E 7B          	MOV A,E
0024   002F C6 01       	ADI 01H
0025   0031 5F          	MOV E,A
0026   0032 D2 36 00    	JNC LBL2
0027   0035 14          	INR D
0028   0036 3A 65 00    LBL2:	LDA 0065H
0029   0039 81          	ADD C
0030   003A 32 65 00    	STA 0065H
0031   003D D2 48 00    	JNC LBL3
0032   0040 7B          	MOV A,E
0033   0041 C6 01       	ADI 01H
0034   0043 5F          	MOV E,A
0035   0044 D2 48 00    	JNC LBL3
0036   0047 14          	INR D
0037   0048 2B          LBL3:	DCX H
0038   0049 7C          	MOV A,H
0039   004A B5          	ORA L
0040   004B C2 0F 00    	JNZ LOOP
0041   004E 7B          	MOV A,E
0042   004F 32 66 00    	STA 0066H
0043   0052 7A          	MOV A,D
0044   0053 32 67 00    	STA 0067H
0045   0056 76          	HLT
0046   0057             
0047   0057             
0048   0057             
0049   0057             
Number of errors = 0
