0001   0000 2A 50 00    	LHLD 0050H
0002   0003 EB          	XCHG
0003   0004 2A 52 00    	LHLD 0052H
0004   0007 44          	MOV B,H
0005   0008 4D          	MOV C,L
0006   0009 AF          	XRA A
0007   000A 32 62 00    	STA 0062H
0008   000D 32 63 00    	STA 0063H
0009   0010 1B          	DCX D
0010   0011 7B          	MOV A,E
0011   0012 B2          	ORA D
0012   0013 CA 32 00    	JZ LBL
0013   0016 09          LOOP:	DAD B
0014   0017 D2 2C 00    	JNC LBL1
0015   001A 3A 62 00    	LDA 0062H
0016   001D C6 01       	ADI 01H
0017   001F 32 62 00    	STA 0062H
0018   0022 D2 2C 00    	JNC LBL1
0019   0025 3A 63 00    	LDA 0063H
0020   0028 3C          	INR A
0021   0029 32 63 00    	STA 0063H
0022   002C 1B          LBL1:	DCX D
0023   002D 7B          	MOV A,E
0024   002E B2          	ORA D
0025   002F C2 16 00    	JNZ LOOP
0026   0032 22 60 00    LBL:	SHLD 0060H
0027   0035 76          	HLT
Number of errors = 0
