0001   0000 21 50 00    	LXI H,0050H
0002   0003 46          	MOV B,M
0003   0004 23          	INX H
0004   0005 AF          	XRA A
0005   0006 4F          	MOV C,A
0006   0007 86          LOOP:	ADD M
0007   0008 D2 0C 00    	JNC LBL
0008   000B 0C          	INR C
0009   000C 05          LBL:	DCR B
0010   000D C2 07 00    	JNZ LOOP
0011   0010 23          	INX H
0012   0011 32 60 00    	STA 0060H
0013   0014 32 70 00    	STA 0070H
0014   0017 79          	MOV A,C
0015   0018 32 61 00    	STA 0061H
0016   001B 32 71 00    	STA 0071H
0017   001E AF          	XRA A
0018   001F 57          	MOV D,A
0019   0020 47          	MOV B,A
0020   0021 0E 00       LOOP1:	MVI C,00H
0021   0023 3A 60 00    	LDA 0060H
0022   0026 FE 00       	CPI 00H
0023   0028 CA 48 00    	JZ LBL1
0024   002B 78          	MOV A,B
0025   002C C6 01       	ADI 01H
0026   002E 47          	MOV B,A
0027   002F D2 33 00    	JNC LBL2
0028   0032 14          	INR D
0029   0033 3A 61 00    LBL2:	LDA 0061H
0030   0036 96          	SUB M
0031   0037 32 61 00    	STA 0061H
0032   003A D2 45 00    	JNC LBL5
0033   003D 0C          	INR C
0034   003E 3A 60 00    	LDA 0060H
0035   0041 91          	SUB C
0036   0042 32 60 00    	STA 0060H
0037   0045 C3 21 00    LBL5:	JMP LOOP1
0038   0048 3A 61 00    LBL1:	LDA 0061H
0039   004B BE          	CMP M
0040   004C DA 61 00    	JC LBL3
0041   004F 78          	MOV A,B
0042   0050 C6 01       	ADI 01H
0043   0052 47          	MOV B,A
0044   0053 D2 57 00    	JNC LBL4
0045   0056 14          	INR D
0046   0057 3A 61 00    LBL4:	LDA 0061H
0047   005A 96          	SUB M
0048   005B 32 61 00    	STA 0061H
0049   005E C2 48 00    	JNZ LBL1
0050   0061 23          LBL3:	INX H
0051   0062 77          	MOV M,A
0052   0063 23          	INX H
0053   0064 70          	MOV M,B
0054   0065 23          	INX H
0055   0066 72          	MOV M,D
0056   0067 76          	HLT
Number of errors = 0
