0001   0000 21 50 00    	LXI H,0050H
0002   0003 7E          	MOV A,M
0003   0004 23          	INX H
0004   0005 36 8F       	MVI M,8FH
0005   0007 06 41       	MVI B,41H
0006   0009 0E 47       	MVI C,47H
0007   000B 16 30       	MVI D,30H
0008   000D 1E 3A       	MVI E,3AH
0009   000F BA          	CMP D
0010   0010 DA 27 00    	JC LBL
0011   0013 BB          	CMP E
0012   0014 D2 1B 00    	JNC LBL1
0013   0017 92          	SUB D
0014   0018 C3 26 00    	JMP LBL2
0015   001B B8          LBL1:	CMP B
0016   001C DA 27 00    	JC LBL
0017   001F B9          	CMP C
0018   0020 D2 27 00    	JNC LBL
0019   0023 90          	SUB B
0020   0024 C6 0A       	ADI 0AH
0021   0026 77          LBL2:	MOV M,A
0022   0027 76          LBL:	HLT
Number of errors = 0
