0001   0000 21 50 00    	LXI H,0050H
0002   0003 36 7E       	MVI M,7EH
0003   0005 23          	INX H
0004   0006 36 30       	MVI M,30H
0005   0008 23          	INX H
0006   0009 36 6D       	MVI M,6DH
0007   000B 23          	INX H
0008   000C 36 79       	MVI M,79H
0009   000E 23          	INX H
0010   000F 36 33       	MVI M,33H
0011   0011 23          	INX H
0012   0012 36 5B       	MVI M,5BH
0013   0014 23          	INX H
0014   0015 36 5F       	MVI M,5FH
0015   0017 23          	INX H
0016   0018 36 70       	MVI M,70H
0017   001A 23          	INX H
0018   001B 36 7F       	MVI M,7FH
0019   001D 23          	INX H
0020   001E 36 73       	MVI M,73H
0021   0020 21 50 00    	LXI H,0050H
0022   0023 3A 60 00    	LDA 0060H
0023   0026 85          	ADD L
0024   0027 6F          	MOV L,A
0025   0028 7E          	MOV A,M
0026   0029 32 61 00    	STA 0061H
0027   002C 76          	HLT
Number of errors = 0
