0001   0000 21 50 00    	LXI H,0050H
0002   0003 06 64       	MVI B,64H
0003   0005 7E          	MOV A,M
0004   0006 CD 1C 00    	CALL DIV
0005   0009 51          	MOV D,C
0006   000A 06 0A       	MVI B,0AH
0007   000C CD 1C 00    	CALL DIV
0008   000F 5F          	MOV E,A
0009   0010 79          	MOV A,C
0010   0011 B7          	ORA A
0011   0012 17          	RAL
0012   0013 17          	RAL
0013   0014 17          	RAL
0014   0015 17          	RAL
0015   0016 B3          	ORA E
0016   0017 23          	INX H
0017   0018 72          	MOV M,D
0018   0019 23          	INX H
0019   001A 77          	MOV M,A
0020   001B 76          	HLT
0021   001C 0E 00       DIV:	MVI C,00H
0022   001E B8          LOOP:	CMP B
0023   001F DA 27 00    	JC LBL1
0024   0022 90          	SUB B
0025   0023 0C          	INR C
0026   0024 C3 1E 00    	JMP LOOP
0027   0027 C9          LBL1:	RET
Number of errors = 0
