0001   0000 21 50 00    	LXI H,0050H
0002   0003 7E          	MOV A,M
0003   0004 23          	INX H
0004   0005 36 8F       	MVI M,8FH
0005   0007 06 00       	MVI B,00H
0006   0009 0E 0A       	MVI C,0AH
0007   000B 16 10       	MVI D,10H
0008   000D B8          	CMP B
0009   000E DA 24 00    	JC LBL
0010   0011 B9          	CMP C
0011   0012 D2 1A 00    	JNC LBL1
0012   0015 C6 30       	ADI 30H
0013   0017 C3 21 00    	JMP LBL2
0014   001A BA          LBL1:	CMP D
0015   001B D2 24 00    	JNC LBL
0016   001E 91          	SUB C
0017   001F C6 41       	ADI 41H
0018   0021 CD 25 00    LBL2:	CALL CONV
0019   0024 76          LBL:	HLT
0020   0025 06 64       CONV:	MVI B,64H
0021   0027 CD 3A 00    	CALL DIV
0022   002A 51          	MOV D,C
0023   002B 06 0A       	MVI B,0AH
0024   002D CD 3A 00    	CALL DIV
0025   0030 5F          	MOV E,A
0026   0031 79          	MOV A,C
0027   0032 B7          	ORA A
0028   0033 17          	RAL
0029   0034 17          	RAL
0030   0035 17          	RAL
0031   0036 17          	RAL
0032   0037 B3          	ORA E
0033   0038 77          	MOV M,A
0034   0039 C9          	RET
0035   003A 0E 00       DIV:	MVI C,00H
0036   003C B8          LOOP:	CMP B
0037   003D DA 45 00    	JC LBL3
0038   0040 90          	SUB B
0039   0041 0C          	INR C
0040   0042 C3 3C 00    	JMP LOOP
0041   0045 C9          LBL3:	RET
Number of errors = 0
