0001   0000 21 51 00    	LXI H,0051H
0002   0003 01 61 00    	LXI B,0061H
0003   0006 11 71 00    	LXI D,0071H
0004   0009 3A 50 00    	LDA 0050H
0005   000C 32 80 00    	STA 0080H
0006   000F 3E 00       	MVI A,00H
0007   0011 32 60 00    	STA 0060H
0008   0014 32 70 00    	STA 0070H
0009   0017 7E          LOOP1:	MOV A,M
0010   0018 1F          	RAR
0011   0019 DA 29 00    	JC LBL1
0012   001C 17          	RAL
0013   001D 02          	STAX B
0014   001E 03          	INX B
0015   001F 3A 60 00    	LDA 0060H
0016   0022 3C          	INR A
0017   0023 32 60 00    	STA 0060H
0018   0026 C3 33 00    	JMP LBL2
0019   0029 17          LBL1:	RAL
0020   002A 12          	STAX D
0021   002B 13          	INX D
0022   002C 3A 70 00    	LDA 0070H
0023   002F 3C          	INR A
0024   0030 32 70 00    	STA 0070H
0025   0033 23          LBL2:	INX H
0026   0034 3A 80 00    	LDA 0080H
0027   0037 3D          	DCR A
0028   0038 32 80 00    	STA 0080H
0029   003B C2 17 00    	JNZ LOOP1
0030   003E 76          	HLT
Number of errors = 0
