0001   0000 21 50 00    	LXI H,0050H
0002   0003 01 60 00    	LXI B,0060H
0003   0006 11 70 00    	LXI D,0070H
0004   0009 7E          	MOV A,M
0005   000A 32 80 00    	STA 0080H
0006   000D 23          	INX H
0007   000E 3E 00       	MVI A,00H
0008   0010 02          	STAX B
0009   0011 12          	STAX D
0010   0012 03          	INX B
0011   0013 13          	INX D
0012   0014 7E          LOOP1:	MOV A,M
0013   0015 1F          	RAR
0014   0016 DA 26 00    	JC LBL1
0015   0019 17          	RAL
0016   001A 02          	STAX B
0017   001B 03          	INX B
0018   001C 3A 60 00    	LDA 0060H
0019   001F 3C          	INR A
0020   0020 32 60 00    	STA 0060H
0021   0023 C3 30 00    	JMP LBL2
0022   0026 17          LBL1:	RAL
0023   0027 12          	STAX D
0024   0028 13          	INX D
0025   0029 3A 70 00    	LDA 0070H
0026   002C 3C          	INR A
0027   002D 32 70 00    	STA 0070H
0028   0030 23          LBL2:	INX H
0029   0031 3A 80 00    	LDA 0080H
0030   0034 3D          	DCR A
0031   0035 32 80 00    	STA 0080H
0032   0038 C2 14 00    	JNZ LOOP1
0033   003B 76          	HLT
Number of errors = 0
