0001   0000 1E 80       	MVI E,80H
0002   0002 06 00       	MVI B,00H
0003   0004 3A 50 00    	LDA 0050H
0004   0007 57          	MOV D,A
0005   0008 0E 00       	MVI C,00H
0006   000A 7A          LOOP:	MOV A,D
0007   000B A9          	XRA C
0008   000C A3          	ANA E
0009   000D B0          	ORA B
0010   000E 47          	MOV B,A
0011   000F 0F          	RRC
0012   0010 4F          	MOV C,A
0013   0011 A7          	ANA A
0014   0012 7B          	MOV A,E
0015   0013 1F          	RAR
0016   0014 5F          	MOV E,A
0017   0015 A7          	ANA A
0018   0016 C2 0A 00    	JNZ LOOP
0019   0019 78          	MOV A,B
0020   001A 32 51 00    	STA 0051H
0021   001D 76          	HLT
Number of errors = 0
