0001   0000 21 50 00    	LXI H,0050H
0002   0003 AF          	XRA A
0003   0004 47          	MOV B,A
0004   0005 7E          	MOV A,M
0005   0006 E6 F0       	ANI 0F0H
0006   0008 EA 0F 00    	JPE LBL1
0007   000B 37          	STC
0008   000C C3 10 00    	JMP LBL2
0009   000F B7          LBL1:	ORA A
0010   0010 78          LBL2:	MOV A,B
0011   0011 17          	RAL
0012   0012 47          	MOV B,A
0013   0013 7E          	MOV A,M
0014   0014 E6 8E       	ANI 8EH
0015   0016 EA 1D 00    	JPE LBL3
0016   0019 37          	STC
0017   001A C3 1E 00    	JMP LBL4
0018   001D B7          LBL3:	ORA A
0019   001E 78          LBL4:	MOV A,B
0020   001F 17          	RAL
0021   0020 47          	MOV B,A
0022   0021 7E          	MOV A,M
0023   0022 E6 6D       	ANI 6DH
0024   0024 EA 2B 00    	JPE LBL5
0025   0027 37          	STC
0026   0028 C3 2C 00    	JMP LBL6
0027   002B B7          LBL5:	ORA A
0028   002C 78          LBL6:	MOV A,B
0029   002D 17          	RAL
0030   002E 47          	MOV B,A
0031   002F 7E          	MOV A,M
0032   0030 E6 5B       	ANI 5BH
0033   0032 EA 39 00    	JPE LBL7
0034   0035 37          	STC
0035   0036 C3 3A 00    	JMP LBL8
0036   0039 B7          LBL7:	ORA A
0037   003A 78          LBL8:	MOV A,B
0038   003B 17          	RAL
0039   003C 47          	MOV B,A
0040   003D 23          	INX H
0041   003E 70          	MOV M,B
0042   003F 76          	HLT
0043   0040             
Number of errors = 0
