0001   0000 21 50 00    	LXI H,0050H
0002   0003 31 AF 00    	LXI SP,00AFH
0003   0006 CD 12 00    	CALL PRIME
0004   0009 79          	MOV A,C
0005   000A A7          	ANA A
0006   000B CA 11 00    	JZ LBL
0007   000E 7E          	MOV A,M
0008   000F 23          	INX H
0009   0010 77          	MOV M,A
0010   0011 76          LBL:	HLT
0011   0012 F5          PRIME:	PUSH PSW
0012   0013 46          	MOV B,M
0013   0014 16 00       	MVI D,00H
0014   0016 7E          LOOP1:	MOV A,M
0015   0017 CD 33 00    	CALL DIV
0016   001A 79          	MOV A,C
0017   001B A7          	ANA A
0018   001C CA 20 00    	JZ LBL3
0019   001F 14          	INR D
0020   0020 05          LBL3:	DCR B
0021   0021 C2 16 00    	JNZ LOOP1
0022   0024 0E 00       	MVI C,00H
0023   0026 3E 02       	MVI A,02H
0024   0028 BA          	CMP D
0025   0029 DA 31 00    	JC LBL4
0026   002C C2 31 00    	JNZ LBL4
0027   002F 0E 01       	MVI C,01H
0028   0031 F1          LBL4:	POP PSW
0029   0032 C9          	RET
0030   0033 F5          DIV:	PUSH PSW
0031   0034 B8          LOOP2:	CMP B
0032   0035 DA 3C 00    	JC LBL1
0033   0038 90          	SUB B
0034   0039 D2 34 00    	JNC LOOP2
0035   003C 0E 00       LBL1:	MVI C,00H
0036   003E A7          	ANA A
0037   003F C2 44 00    	JNZ LBL2
0038   0042 0E 01       	MVI C,01H
0039   0044 F1          LBL2:	POP PSW
0040   0045 C9          	RET
Number of errors = 0
