0001   0000 21 40 00    	LXI H,0040H
0002   0003 46          	MOV B,M
0003   0004 31 6F 00    	LXI SP,006fH
0004   0007 0E 02       	MVI C,02H
0005   0009 51          LOOP:	mov d,c
0006   000A CD 21 00    	CALL SQR-RT
0007   000D 0C          	INR C
0008   000E B8          	CMP B
0009   000F DA 09 00    	JC LOOP
0010   0012 CA 1C 00    	jZ lbl
0011   0015 79          	MOV A,C
0012   0016 32 41 00    	STA 0041H
0013   0019 C3 20 00    	jmp lbl2
0014   001C 7A          lbl:	MOV A,D
0015   001D 32 41 00    	STA 0041H
0016   0020 76          lbl2:	HLT
0017   0021 C5          SQR-RT:	push b
0018   0022 D5          	push d
0019   0023 51          	MOV D,C
0020   0024 AF          	XRA A
0021   0025 82          LOOP2:	ADD D
0022   0026 0D          	DCR C
0023   0027 C2 25 00    	JNZ LOOP2
0024   002A D1          	pop d
0025   002B C1          	pop b
0026   002C C9          	RET
Number of errors = 0
