0001   0000 2A 50 00    	LHLD 0050H
0002   0003 0E 00       	MVI C,00H
0003   0005 16 00       	MVI D,00H
0004   0007 06 08       	MVI B,08H
0005   0009 7D          	MOV A,L
0006   000A 1F          LOOP1:	RAR
0007   000B DA 12 00    	JC LBL1
0008   000E 14          	INR D
0009   000F C3 13 00    	JMP LBL2
0010   0012 0C          LBL1:	INR C
0011   0013 05          LBL2:	DCR B
0012   0014 C2 0A 00    	JNZ LOOP1
0013   0017 06 08       	MVI B,08H
0014   0019 7C          	MOV A,H
0015   001A 1F          LOOP2:	RAR
0016   001B DA 22 00    	JC LBL3
0017   001E 14          	INR D
0018   001F C3 23 00    	JMP LBL4
0019   0022 0C          LBL3:	INR C
0020   0023 05          LBL4:	DCR B
0021   0024 C2 1A 00    	JNZ LOOP2
0022   0027 7A          	MOV A,D
0023   0028 32 52 00    	STA 0052H
0024   002B 79          	MOV A,C
0025   002C 32 53 00    	STA 0053H
0026   002F 76          	HLT
Number of errors = 0
