0001   0000 3A 50 00    	LDA 0050H
0002   0003 47          	MOV B,A
0003   0004 E6 F0       	ANI 0F0H
0004   0006 0F          	RRC
0005   0007 0F          	RRC
0006   0008 0F          	RRC
0007   0009 0F          	RRC
0008   000A FE 09       	CPI 09H
0009   000C CA 1A 00    	JZ LBL
0010   000F DA 1A 00    	JC LBL
0011   0012 3E 00       	MVI A,00H
0012   0014 32 51 00    	STA 0051H
0013   0017 C3 1F 00    	JMP LBL1
0014   001A 3E 01       LBL:	MVI A,01H
0015   001C 32 51 00    	STA 0051H
0016   001F 78          LBL1:	MOV A,B
0017   0020 E6 0F       	ANI 0FH
0018   0022 FE 09       	CPI 09H
0019   0024 CA 32 00    	JZ LBL2
0020   0027 DA 32 00    	JC LBL2
0021   002A 3E 00       	MVI A,00H
0022   002C 32 52 00    	STA 0052H
0023   002F C3 37 00    	JMP LBL3
0024   0032 3E 01       LBL2:	MVI A,01H
0025   0034 32 52 00    	STA 0052H
0026   0037 76          LBL3:	HLT
Number of errors = 0
