0001   0000 21 80 00    	LXI H,0080H
0002   0003 11 90 00    	LXI D,0090H
0003   0006 01 00 01    	LXI B,0100H
0004   0009 AF          	XRA A
0005   000A 12          	STAX D
0006   000B 02          	STAX B
0007   000C 7E          	MOV A,M
0008   000D 32 70 00    	STA 0070H
0009   0010 13          	INX D
0010   0011 03          	INX B
0011   0012 23          LOOP:	INX H
0012   0013 7E          	MOV A,M
0013   0014 17          	RAL
0014   0015 D2 25 00    	JNC LBL
0015   0018 1F          	RAR
0016   0019 02          	STAX B
0017   001A 03          	INX B
0018   001B 3A 00 01    	LDA 0100H
0019   001E 3C          	INR A
0020   001F 32 00 01    	STA 0100H
0021   0022 C3 2F 00    	JMP LBL1
0022   0025 1F          LBL:	RAR
0023   0026 12          	STAX D
0024   0027 13          	INX D
0025   0028 3A 90 00    	LDA 0090H
0026   002B 3C          	INR A
0027   002C 32 90 00    	STA 0090H
0028   002F 3A 70 00    LBL1:	LDA 0070H
0029   0032 3D          	DCR A
0030   0033 32 70 00    	STA 0070H
0031   0036 C2 12 00    	JNZ LOOP
0032   0039 76          	HLT
0033   003A             
0034   003A             
0035   003A             
0036   003A             
Number of errors = 0
