0001   0000 21 50 00    	LXI H,0050H
0002   0003 06 05       	MVI B,05H
0003   0005 0E 00       	MVI C,00H
0004   0007 51          	MOV D,C
0005   0008 79          	MOV A,C
0006   0009 32 80 00    	STA 0080H
0007   000C 32 82 00    	STA 0082H
0008   000F 3A 80 00    LOOP:	LDA 0080H
0009   0012 86          	ADD M
0010   0013 32 80 00    	STA 0080H
0011   0016 D2 1A 00    	JNC LBL1
0012   0019 0C          	INR C
0013   001A 23          LBL1:	INX H
0014   001B 3A 82 00    	LDA 0082H
0015   001E 86          	ADD M
0016   001F 32 82 00    	STA 0082H
0017   0022 D2 26 00    	JNC LBL2
0018   0025 14          	INR D
0019   0026 23          LBL2:	INX H
0020   0027 05          	DCR B
0021   0028 C2 0F 00    	JNZ LOOP
0022   002B 79          	MOV A,C
0023   002C 32 81 00    	STA 0081H
0024   002F 7A          	MOV A,D
0025   0030 32 83 00    	STA 0083H
0026   0033 76          	HLT
0027   0034             
Number of errors = 0
