0001   0000 21 50 00    	LXI H,0050H
0002   0003 7E          	MOV A,M
0003   0004 23          	INX H
0004   0005 46          	MOV B,M
0005   0006 0E 00       	MVI C,00H
0006   0008 23          LOOP:	INX H
0007   0009 BE          	CMP M
0008   000A C2 10 00    	JNZ LBL
0009   000D 0C          	INR C
0010   000E 16 FF       	MVI D,0FFH
0011   0010 05          LBL:	DCR B
0012   0011 C2 08 00    	JNZ LOOP
0013   0014 23          	INX H
0014   0015 77          	MOV M,A
0015   0016 23          	INX H
0016   0017 71          	MOV M,C
0017   0018 23          	INX H
0018   0019 72          	MOV M,D
0019   001A 76          	HLT
0020   001B             
Number of errors = 0
