0001   0000 3A 50 00    	LDA 0050H
0002   0003 47          	MOV B,A
0003   0004 3A 51 00    	LDA 0051H
0004   0007 57          	MOV D,A
0005   0008 0E 00       	MVI C,00H
0006   000A 05          	DCR B
0007   000B 82          LOOP1:	ADD D
0008   000C D2 10 00    	JNC LBL1
0009   000F 0C          	INR C
0010   0010 05          LBL1:	DCR B
0011   0011 C2 0B 00    	JNZ LOOP1
0012   0014 32 53 00    	STA 0053H
0013   0017 79          	MOV A,C
0014   0018 32 52 00    	STA 0052H
0015   001B 3A 50 00    	LDA 0050H
0016   001E 47          	MOV B,A
0017   001F 3A 51 00    	LDA 0051H
0018   0022 B8          	CMP B
0019   0023 D2 29 00    	JNC LBL2
0020   0026 57          	MOV D,A
0021   0027 78          	MOV A,B
0022   0028 42          	MOV B,D
0023   0029 0E 00       LBL2:	MVI C,00H
0024   002B B8          LOOP2:	CMP B
0025   002C DA 34 00    	JC LBL3
0026   002F 0C          	INR C
0027   0030 90          	SUB B
0028   0031 C2 2B 00    	JNZ LOOP2
0029   0034 32 55 00    LBL3:	STA 0055H
0030   0037 79          	MOV A,C
0031   0038 32 54 00    	STA 0054H
0032   003B 76          	HLT
0033   003C             
0034   003C             
Number of errors = 0
