0001   0000 21 50 00    	LXI H,0050H
0002   0003 11 80 00    	LXI D,0080H
0003   0006 46          	MOV B,M
0004   0007 23          LOOP:	INX H
0005   0008 7E          	MOV A,M
0006   0009 E6 0F       	ANI 0FH
0007   000B 4F          	MOV C,A
0008   000C 7E          	MOV A,M
0009   000D E6 F0       	ANI 0F0H
0010   000F 0F          	RRC
0011   0010 0F          	RRC
0012   0011 0F          	RRC
0013   0012 0F          	RRC
0014   0013 B9          	CMP C
0015   0014 C2 1A 00    	JNZ LBL
0016   0017 7E          	MOV A,M
0017   0018 12          	STAX D
0018   0019 13          	INX D
0019   001A 05          LBL:	DCR B
0020   001B C2 07 00    	JNZ LOOP
0021   001E 76          	HLT
Number of errors = 0
