0001   0000 21 50 00    	LXI H,0050H
0002   0003 06 0A       	MVI B,0AH
0003   0005 48          LOOP1:	MOV C,B
0004   0006 54          	MOV D,H
0005   0007 5D          	MOV E,L
0006   0008 1A          LOOP2:	LDAX D
0007   0009 BE          	CMP M
0008   000A D2 16 00    	JNC LBL1
0009   000D 32 90 00    	STA 0090H
0010   0010 7E          	MOV A,M
0011   0011 12          	STAX D
0012   0012 3A 90 00    	LDA 0090H
0013   0015 77          	MOV M,A
0014   0016 13          LBL1:	INX D
0015   0017 0D          	DCR C
0016   0018 C2 08 00    	JNZ LOOP2
0017   001B 23          	INX H
0018   001C 05          	DCR B
0019   001D C2 05 00    	JNZ LOOP1
0020   0020 3A 50 00    	LDA 0050H
0021   0023 32 60 00    	STA 0060H
0022   0026 3A 59 00    	LDA 0059H
0023   0029 32 61 00    	STA 0061H
0024   002C 21 50 00    	LXI H,0050H
0025   002F 7E          	MOV A,M
0026   0030 32 70 00    	STA 0070H
0027   0033 7D          	MOV A,L
0028   0034 C6 0A       	ADI 0AH
0029   0036 6F          	MOV L,A
0030   0037 7E          	MOV A,M
0031   0038 32 71 00    	STA 0071H
0032   003B 76          	HLT
Number of errors = 0
