0001   0000 21 70 00    	LXI H,0070H
0002   0003 11 80 00    	LXI D,0080H
0003   0006 06 03       	MVI B,03H
0004   0008 AF          	XRA A
0005   0009 4F          	MOV C,A
0006   000A 86          LOOP1:	ADD M
0007   000B D2 0F 00    	JNC LBL1
0008   000E 0C          	INR C
0009   000F CD 43 00    LBL1:	CALL REV
0010   0012 23          	INX H
0011   0013 05          	DCR B
0012   0014 C2 0A 00    	JNZ LOOP1
0013   0017 36 00       	MVI M,00H
0014   0019 16 03       	MVI D,03H
0015   001B 47          	MOV B,A
0016   001C 1E 00       LOOP3:	MVI E,00H
0017   001E 79          	MOV A,C
0018   001F FE 00       	CPI 00H
0019   0021 CA 32 00    	JZ LBL3
0020   0024 78          	MOV A,B
0021   0025 92          	SUB D
0022   0026 47          	MOV B,A
0023   0027 D2 2B 00    	JNC LBL2
0024   002A 1C          	INR E
0025   002B 79          LBL2:	MOV A,C
0026   002C 93          	SUB E
0027   002D 4F          	MOV C,A
0028   002E 34          	INR M
0029   002F C3 1C 00    	JMP LOOP3
0030   0032 78          LBL3:	MOV A,B
0031   0033 BA          LBL5:	CMP D
0032   0034 DA 40 00    	JC LBL4
0033   0037 92          	SUB D
0034   0038 34          	INR M
0035   0039 B7          	ORA A
0036   003A CA 40 00    	JZ LBL4
0037   003D C3 33 00    	JMP LBL5
0038   0040 23          LBL4:	INX H
0039   0041 77          	MOV M,A
0040   0042 76          	HLT
0041   0043 F5          REV:	PUSH PSW
0042   0044 C5          	PUSH B
0043   0045 06 08       	MVI B,08H
0044   0047 7E          	MOV A,M
0045   0048 32 90 00    	STA 0090H
0046   004B 3A 90 00    LOOP2:	LDA 0090H
0047   004E 17          	RAL
0048   004F 32 90 00    	STA 0090H
0049   0052 3A 91 00    	LDA 0091H
0050   0055 1F          	RAR
0051   0056 32 91 00    	STA 0091H
0052   0059 05          	DCR B
0053   005A C2 4B 00    	JNZ LOOP2
0054   005D 3A 91 00    	LDA 0091H
0055   0060 12          	STAX D
0056   0061 13          	INX D
0057   0062 C1          	POP B
0058   0063 F1          	POP PSW
0059   0064 C9          	RET
Number of errors = 0
