0001   0000 21 70 00    	LXI H,0070H
0002   0003 06 0A       	MVI B,0AH
0003   0005 AF          	XRA A
0004   0006 4F          	MOV C,A
0005   0007 23          LOOP1:	INX H
0006   0008 86          	ADD M
0007   0009 D2 0D 00    	JNC LBL
0008   000C 0C          	INR C
0009   000D 05          LBL:	DCR B
0010   000E C2 07 00    	JNZ LOOP1
0011   0011 32 81 00    	STA 0081H
0012   0014 79          	MOV A,C
0013   0015 32 80 00    	STA 0080H
0014   0018 06 0A       	MVI B,0AH
0015   001A 16 00       	MVI D,00H
0016   001C 5A          	MOV E,D
0017   001D 0E 00       LOOP2:	MVI C,00H
0018   001F 3A 80 00    	LDA 0080H
0019   0022 FE 00       	CPI 00H
0020   0024 CA 44 00    	JZ LBL1
0021   0027 3A 81 00    	LDA 0081H
0022   002A 90          	SUB B
0023   002B 32 81 00    	STA 0081H
0024   002E D2 32 00    	JNC LBL2
0025   0031 0C          	INR C
0026   0032 3A 80 00    LBL2:	LDA 0080H
0027   0035 91          	SUB C
0028   0036 32 80 00    	STA 0080H
0029   0039 7A          	MOV A,D
0030   003A C6 01       	ADI 01H
0031   003C 57          	MOV D,A
0032   003D D2 41 00    	JNC LBL3
0033   0040 1C          	INR E
0034   0041 C3 1D 00    LBL3:	JMP LOOP2
0035   0044 3A 81 00    LBL1:	LDA 0081H
0036   0047 B8          	CMP B
0037   0048 DA 61 00    	JC LBL4
0038   004B 90          	SUB B
0039   004C 32 81 00    	STA 0081H
0040   004F 7A          	MOV A,D
0041   0050 C6 01       	ADI 01H
0042   0052 57          	MOV D,A
0043   0053 D2 57 00    	JNC LBL6
0044   0056 1C          	INR E
0045   0057 3A 81 00    LBL6:	LDA 0081H
0046   005A B7          	ORA A
0047   005B CA 61 00    	JZ LBL4
0048   005E C3 44 00    LBL5:	JMP LBL1
0049   0061 32 82 00    LBL4:	STA 0082H
0050   0064 7A          	MOV A,D
0051   0065 32 81 00    	STA 0081H
0052   0068 7B          	MOV A,E
0053   0069 32 80 00    	STA 0080H
0054   006C 76          	HLT
Number of errors = 0
