0001   0000 31 FF 00    	LXI SP,00FFH
0002   0003 21 50 00    	LXI H,0050H
0003   0006 11 80 00    	LXI D,0080H
0004   0009 46          	MOV B,M
0005   000A 23          LOOP:	INX H
0006   000B CD 1C 00    	CALL DIV
0007   000E 79          	MOV A,C
0008   000F FE 02       	CPI 02H
0009   0011 C2 17 00    	JNZ LBL
0010   0014 7E          	MOV A,M
0011   0015 12          	STAX D
0012   0016 13          	INX D
0013   0017 05          LBL:	DCR B
0014   0018 C2 0A 00    	JNZ LOOP
0015   001B 76          	HLT
0016   001C D5          DIV:	PUSH D
0017   001D 0E 01       	MVI C,01H
0018   001F 1E 00       	MVI E,00H
0019   0021 7E          LOOP2:	MOV A,M
0020   0022 B9          LOOP3:	CMP C
0021   0023 DA 2E 00    	JC LBL2
0022   0026 CA 2D 00    	JZ LBL1
0023   0029 91          	SUB C
0024   002A C3 22 00    	JMP LOOP3
0025   002D 1C          LBL1:	INR E
0026   002E 0C          LBL2:	INR C
0027   002F 7E          	MOV A,M
0028   0030 B9          	CMP C
0029   0031 DA 37 00    	JC LBL3
0030   0034 C3 21 00    	JMP LOOP2
0031   0037 4B          LBL3:	MOV C,E
0032   0038 D1          	POP D
0033   0039 C9          	RET
Number of errors = 0
