0001   0000 3A 50 00    	LDA 0050H
0002   0003 57          	MOV D,A
0003   0004 06 08       	MVI B,08H
0004   0006 7A          LOOP:	MOV A,D
0005   0007 1F          	RAR
0006   0008 57          	MOV D,A
0007   0009 7B          	MOV A,E
0008   000A 17          	RAL
0009   000B 5F          	MOV E,A
0010   000C 05          	DCR B
0011   000D C2 06 00    	JNZ LOOP
0012   0010 3A 50 00    	LDA 0050H
0013   0013 BB          	CMP E
0014   0014 CA 1B 00    	JZ LBL1
0015   0017 AF          	XRA A
0016   0018 C3 1D 00    	JMP LBL2
0017   001B 3E 0F       LBL1:	MVI A,0FH
0018   001D 32 51 00    LBL2:	STA 0051H
0019   0020 76          	HLT
Number of errors = 0
