0001   0000 21 50 00    	LXI H,0050H
0002   0003 46          	MOV B,M
0003   0004 11 80 00    	LXI D,0080H
0004   0007 48          	MOV C,B
0005   0008 04          	INR B
0006   0009 7E          LOOP1:	MOV A,M
0007   000A 12          	STAX D
0008   000B 23          	INX H
0009   000C 13          	INX D
0010   000D 05          	DCR B
0011   000E C2 09 00    	JNZ LOOP1
0012   0011 2B          	DCX H
0013   0012 11 A0 00    	LXI D,00A0H
0014   0015 79          	MOV A,C
0015   0016 12          	STAX D
0016   0017 13          	INX D
0017   0018 7E          LOOP2:	MOV A,M
0018   0019 12          	STAX D
0019   001A 2B          	DCX H
0020   001B 13          	INX D
0021   001C 0D          	DCR C
0022   001D C2 18 00    	JNZ LOOP2
0023   0020 76          	HLT
Number of errors = 0
