0001   0000 21 50 00    	LXI H,0050H
0002   0003 06 0A       	MVI B,0AH
0003   0005 3E 00       	MVI A,00H
0004   0007 32 5B 00    	STA 005BH
0005   000A 32 5D 00    	STA 005DH
0006   000D 4F          	MOV C,A
0007   000E 57          	MOV D,A
0008   000F 7E          LOOP:	MOV A,M
0009   0010 17          	RAL
0010   0011 DA 24 00    	JC LBL1
0011   0014 1F          	RAR
0012   0015 82          	ADD D
0013   0016 57          	MOV D,A
0014   0017 D2 31 00    	JNC LBL2
0015   001A 3A 5B 00    	LDA 005BH
0016   001D 3C          	INR A
0017   001E 32 5B 00    	STA 005BH
0018   0021 C3 31 00    	JMP LBL2
0019   0024 1F          LBL1:	RAR
0020   0025 81          	ADD C
0021   0026 4F          	MOV C,A
0022   0027 D2 31 00    	JNC LBL2
0023   002A 3A 5D 00    	LDA 005DH
0024   002D 3C          	INR A
0025   002E 32 5D 00    	STA 005DH
0026   0031 23          LBL2:	INX H
0027   0032 05          	DCR B
0028   0033 C2 0F 00    	JNZ LOOP
0029   0036 72          	MOV M,D
0030   0037 23          	INX H
0031   0038 23          	INX H
0032   0039 71          	MOV M,C
0033   003A 76          	HLT
0034   003B             
Number of errors = 0
