0001   0000 06 00       	MVI B,00H
0002   0002 2A 50 00    	LHLD 0050H
0003   0005 EB          	XCHG
0004   0006 2A 52 00    	LHLD 0052H
0005   0009 19          	DAD D
0006   000A D2 0E 00    	JNC LBL1
0007   000D 04          	INR B
0008   000E EB          LBL1:	XCHG
0009   000F 2A 54 00    	LHLD 0054H
0010   0012 19          	DAD D
0011   0013 D2 17 00    	JNC LBL2
0012   0016 04          	INR B
0013   0017 16 FF       LBL2:	MVI D,0FFH
0014   0019 1E 2F       	MVI E,2FH
0015   001B 19          	DAD D
0016   001C D2 20 00    	JNC LBL3
0017   001F 04          	INR B
0018   0020 22 56 00    LBL3:	SHLD 0056H
0019   0023 78          	MOV A,B
0020   0024 32 57 00    	STA 0057H
0021   0027 76          	HLT
Number of errors = 0
