0001   0000 11 60 00    	LXI D,0060H
0002   0003 21 50 00    	LXI H,0050H
0003   0006 06 0A       	MVI B,0AH
0004   0008 7E          LOOP1:	MOV A,M
0005   0009 CD 12 00    	CALL PALLIN
0006   000C 23          	INX H
0007   000D 05          	DCR B
0008   000E C2 08 00    	JNZ LOOP1
0009   0011 76          	HLT
0010   0012 0E 08       PALLIN:	MVI C,08H
0011   0014 32 80 00    	STA 0080H
0012   0017 3A 80 00    LOOP2:	LDA 0080H
0013   001A 17          	RAL
0014   001B 32 80 00    	STA 0080H
0015   001E 3A 90 00    	LDA 0090H
0016   0021 1F          	RAR
0017   0022 32 90 00    	STA 0090H
0018   0025 0D          	DCR C
0019   0026 C2 17 00    	JNZ LOOP2
0020   0029 3A 90 00    	LDA 0090H
0021   002C BE          	CMP M
0022   002D C2 32 00    	JNZ LBL
0023   0030 12          	STAX D
0024   0031 13          	INX D
0025   0032 C9          LBL:	RET
Number of errors = 0
