0001   0000 3A 50 00    	LDA 0050H
0002   0003 47          	MOV B,A
0003   0004 E6 F0       	ANI 0F0H
0004   0006 0F          	RRC
0005   0007 0F          	RRC
0006   0008 0F          	RRC
0007   0009 0F          	RRC
0008   000A 57          	MOV D,A
0009   000B 0E 09       	MVI C,09H
0010   000D 82          LOOP:	ADD D
0011   000E 0D          	DCR C
0012   000F C2 0D 00    	JNZ LOOP
0013   0012 4F          	MOV C,A
0014   0013 78          	MOV A,B
0015   0014 E6 0F       	ANI 0FH
0016   0016 81          	ADD C
0017   0017 FE 41       	CPI 41H
0018   0019 DA 26 00    	JC LBL
0019   001C FE 47       	CPI 47H
0020   001E D2 26 00    	JNC LBL
0021   0021 D6 37       	SUI 37H
0022   0023 C3 37 00    	JMP LBL2
0023   0026 FE 30       LBL:	CPI 30H
0024   0028 DA 35 00    	JC LBL1
0025   002B FE 3B       	CPI 3BH
0026   002D D2 35 00    	JNC LBL1
0027   0030 D6 30       	SUI 30H
0028   0032 C3 37 00    	JMP LBL2
0029   0035 3E 00       LBL1:	MVI A,00H
0030   0037 32 51 00    LBL2:	STA 0051H
0031   003A 76          	HLT
Number of errors = 0
