0001   0000 3A 50 00    	LDA 0050H
0002   0003 06 00       	MVI B,00H
0003   0005 0E 64       	MVI C,64H
0004   0007 B9          LOOP:	CMP C
0005   0008 DA 14 00    	JC LBL
0006   000B 04          	INR B
0007   000C 91          	SUB C
0008   000D C2 07 00    	JNZ LOOP
0009   0010 A7          	ANA A
0010   0011 CA 21 00    	JZ LBL2
0011   0014 0E 0A       LBL:	MVI C,0AH
0012   0016 16 00       	MVI D,00H
0013   0018 B9          LOOP2:	CMP C
0014   0019 DA 21 00    	JC LBL2
0015   001C 14          	INR D
0016   001D 91          	SUB C
0017   001E C2 18 00    	JNZ LOOP2
0018   0021 4F          LBL2:	MOV C,A
0019   0022 7A          	MOV A,D
0020   0023 07          	RLC
0021   0024 07          	RLC
0022   0025 07          	RLC
0023   0026 07          	RLC
0024   0027 B1          	ORA C
0025   0028 32 52 00    	STA 0052H
0026   002B 78          	MOV A,B
0027   002C 32 51 00    	STA 0051H
0028   002F 76          	HLT
Number of errors = 0
