0001   0000 3A 50 00    	LDA 0050H
0002   0003 FE 00       	CPI 00H
0003   0005 DA 30 00    	JC LBL
0004   0008 FE 09       	CPI 09
0005   000A D2 12 00    	JNC LBL3
0006   000D C6 1E       	ADI 30
0007   000F C3 19 00    	JMP LBL4
0008   0012 FE 10       LBL3:	CPI 10H
0009   0014 D2 30 00    	JNC LBL
0010   0017 C6 37       	ADI 37H
0011   0019 06 00       LBL4:	MVI B,00H
0012   001B 0E 0A       	MVI C,0AH
0013   001D B9          LOOP:	CMP C
0014   001E DA 26 00    	JC LBL1
0015   0021 04          	INR B
0016   0022 91          	SUB C
0017   0023 C2 1D 00    	JNZ LOOP
0018   0026 4F          LBL1:	MOV C,A
0019   0027 78          	MOV A,B
0020   0028 07          	RLC
0021   0029 07          	RLC
0022   002A 07          	RLC
0023   002B 07          	RLC
0024   002C B1          	ORA C
0025   002D C3 32 00    	JMP LBL2
0026   0030 3E 00       LBL:	MVI A,00H
0027   0032 32 51 00    LBL2:	STA 0051H
0028   0035 76          	HLT
Number of errors = 0
