0001   0000 31 FF 0A    	LXI SP,0AFFH
0002   0003 11 F0 00    	LXI D,00F0H
0003   0006 21 E0 00    	LXI H,00E0H
0004   0009 7E          	MOV A,M
0005   000A 32 20 0A    	STA 0A20H
0006   000D 23          LOOP:	INX H
0007   000E CD 24 00    	CALL DIV
0008   0011 FE 02       	CPI 02H
0009   0013 C2 19 00    	JNZ LBL
0010   0016 7E          	MOV A,M
0011   0017 12          	STAX D
0012   0018 13          	INX D
0013   0019 3A 20 0A    LBL:	LDA 0A20H
0014   001C 3D          	DCR A
0015   001D 32 20 0A    	STA 0A20H
0016   0020 C2 0D 00    	JNZ LOOP
0017   0023 76          	HLT
0018   0024             
0019   0024 E5          DIV:	PUSH H
0020   0025 D5          	PUSH D
0021   0026 1E 00       	MVI E,00H
0022   0028 0E 01       	MVI C,01H
0023   002A 7E          LOOP1:	MOV A,M
0024   002B B9          LOOP2:	CMP C
0025   002C DA 37 00    	JC LBL1
0026   002F CA 36 00    	JZ LBL2
0027   0032 91          	SUB C
0028   0033 C3 2B 00    	JMP LOOP2
0029   0036 1C          LBL2:	INR E
0030   0037 0C          LBL1:	INR C
0031   0038 7E          	MOV A,M
0032   0039 B9          	CMP C
0033   003A DA 40 00    	JC LBL3
0034   003D C3 2A 00    	JMP LOOP1
0035   0040 7B          LBL3:	MOV A,E
0036   0041 D1          	POP D
0037   0042 E1          	POP H
0038   0043 C9          	RET
Number of errors = 0
