Running: C:\Xilinx\12.3\ISE_DS\ISE\bin\nt\unwrapped\fuse.exe -intstyle ise -incremental -o D:/Programs/Program/Programs/MSc_CompSc/4th_sem/VLSI/assignment/prjct/processor3/processor_tb_isim_beh.exe -prj D:/Programs/Program/Programs/MSc_CompSc/4th_sem/VLSI/assignment/prjct/processor3/processor_tb_beh.prj work.processor_tb 
ISim M.70d (signature 0x36e8438f)
Number of CPUs detected in this system: 2
Turning on mult-threading, number of parallel sub-compilation jobs: 4 
Determining compilation order of HDL files
Parsing VHDL file "D:/Programs/Program/Programs/MSc_CompSc/4th_sem/VLSI/assignment/prjct/processor3/processor_vhd.vhd" into library work
Parsing VHDL file "D:/Programs/Program/Programs/MSc_CompSc/4th_sem/VLSI/assignment/prjct/processor3/processor_tb.vhd" into library work
Starting static elaboration
Completed static elaboration
Fuse Memory Usage: 92572 KB
Fuse CPU Usage: 1294 ms
Using precompiled package standard from library std
Using precompiled package std_logic_1164 from library ieee
Using precompiled package numeric_std from library ieee
Compiling architecture behavioral of entity processor_vhd [processor_vhd_default]
Compiling architecture behavior of entity processor_tb
Time Resolution for simulation is 1ps.
Waiting for 1 sub-compilation(s) to finish...
Compiled 6 VHDL Units
Built simulation executable D:/Programs/Program/Programs/MSc_CompSc/4th_sem/VLSI/assignment/prjct/processor3/processor_tb_isim_beh.exe
Fuse Memory Usage: 99336 KB
Fuse CPU Usage: 1731 ms
