0001   0000 0E 00       	MVI C,00H
0002   0002 2A 50 00    	LHLD 0050H
0003   0005 EB          	XCHG
0004   0006 2A 52 00    	LHLD 0052H
0005   0009 19          	DAD D
0006   000A D2 0E 00    	JNC LBL1
0007   000D 0C          	INR C
0008   000E 06 28       LBL1	MVI B,28H
0009   0010 16 00       	MVI D,00H
0010   0012 7D          	MOV A,L
0011   0013 90          	SUB B
0012   0014 D2 18 00    	JNC LBL2
0013   0017 14          	INR D
0014   0018 32 62 00    LBL2	STA 0062H
0015   001B 1E 00       	MVI E,00H
0016   001D 7C          	MOV A,H
0017   001E 92          	SUB D
0018   001F D2 23 00    	JNC LBL3
0019   0022 1C          	INR E
0020   0023 32 61 00    LBL3	STA 0061H
0021   0026 79          	MOV A,C
0022   0027 93          	SUB E
0023   0028 32 60 00    	STA 0060H
0024   002B 76          	HLT
Number of errors = 0
