0001   0000 16 00       	MVI D,00H
0002   0002 06 03       	MVI B,03H
0003   0004 21 70 00    	LXI H,0070H
0004   0007 3E 00       	MVI A,00H
0005   0009 5E          LOOP1	MOV E,M
0006   000A 83          	ADD E
0007   000B D2 0F 00    	JNC LBL1
0008   000E 14          	INR D
0009   000F 23          LBL1	INX H
0010   0010 05          	DCR B
0011   0011 C2 09 00    	JNZ LOOP1
0012   0014 06 03       	MVI B,03H
0013   0016 1E 00       	MVI E,00H
0014   0018 32 92 00    	STA 0092H
0015   001B 7A          	MOV A,D
0016   001C 32 90 00    	STA 0090H
0017   001F 3A 90 00    loop2	LDA 0090H
0018   0022 FE 00       	CPI 00H
0019   0024 CA 43 00    	JZ LBL2
0020   0027 0E 00       	MVI C,00H
0021   0029 3A 92 00    	LDA 0092H
0022   002C 90          	SUB B
0023   002D 32 5C 00    	sta 0092
0024   0030 DA 37 00    	JC LBL3
0025   0033 1C          	INR E
0026   0034 C3 1F 00    	JMP loop2
0027   0037 1C          LBL3	INR E
0028   0038 0C          	INR C
0029   0039 3A 90 00    	LDA 0090H
0030   003C 91          	SUB C
0031   003D 32 90 00    	STA 0090H
0032   0040 C2 1F 00    	JNZ LOOP2
0033   0043 3A 92 00    LBL2	LDA 0092H
0034   0046 B8          LOOP3	CMP B
0035   0047 DA 4F 00    	JC LBL4
0036   004A 1C          	INR E
0037   004B 90          	SUB B
0038   004C C2 46 00    	JNZ LOOP3
0039   004F 32 81 00    lbl4	STA 0081H
0040   0052 7B          	MOV A,E
0041   0053 32 80 00    	STA 0080H
0042   0056 76          	HLT
Number of errors = 0
