0001   0000 21 50 00    	LXI H,0050H
0002   0003 5E          	MOV E,M
0003   0004 16 02       	MVI D,02H
0004   0006 42          LOOP	MOV B,D
0005   0007 CD 21 00    	CALL MULTI
0006   000A CD 21 00    	CALL MULTI
0007   000D BB          	CMP E
0008   000E CA 15 00    	JZ LBL
0009   0011 DA 1C 00    	JC LBL1
0010   0014 15          	DCR D
0011   0015 7A          LBL	MOV A,D
0012   0016 32 51 00    	STA 0051H
0013   0019 C3 20 00    	JMP LBL2
0014   001C 14          LBL1	INR D
0015   001D C3 06 00    	JMP LOOP
0016   0020 76          LBL2	HLT
0017   0021             
0018   0021 3E 00       MULTI	MVI A,00H
0019   0023 4A          	MOV C,D
0020   0024 80          LOOP1	ADD B
0021   0025 0D          	DCR C
0022   0026 C2 24 00    	JNZ LOOP1
0023   0029 47          	MOV B,A
0024   002A C9          	RET
Number of errors = 0
