0001   0000 1E 00       	MVI E,00H
0002   0002 2A 50 00    	LHLD 0050H
0003   0005 7C          	MOV A,H
0004   0006 32 60 00    	STA 0060H
0005   0009 7D          	MOV A,L
0006   000A 32 61 00    	STA 0061H
0007   000D 3A 52 00    	LDA 0052H
0008   0010 47          	MOV B,A
0009   0011 0E 00       LOOP 	MVI C,00H
0010   0013 3A 60 00    	LDA 0060H
0011   0016 FE 00       	CPI 00H
0012   0018 CA 38 00    	JZ LBL1
0013   001B 3A 61 00    	LDA 0061H
0014   001E 90          	SUB B
0015   001F DA 29 00    	JC LBL2
0016   0022 1C          	INR E
0017   0023 32 61 00    	STA 0061H
0018   0026 C3 11 00    	JMP loop
0019   0029 0C          LBL2	INR C
0020   002A 1C          	INR E
0021   002B 32 61 00    	STA 0061H
0022   002E 3A 60 00    	LDA 0060H
0023   0031 91          	SUB C
0024   0032 32 60 00    	sta 0060h
0025   0035 C2 11 00    	JNZ LOOP
0026   0038 16 00       LBL1	MVI D,00H
0027   003A 3A 61 00    	lda 0061h
0028   003D B8          LOOP2	CMP B
0029   003E DA 46 00    	JC LBL4
0030   0041 14          	INR D
0031   0042 90          	SUB B
0032   0043 C2 3D 00    	JNZ LOOP2
0033   0046 32 54 00    LBL4	STA 0054H
0034   0049 7B          	MOV A,E
0035   004A 82          	ADD D
0036   004B 32 53 00    	STA 0053H
0037   004E 76          	HLT
0038   004F             
0039   004F             
0040   004F             
Number of errors = 0
