Line 30: Class MSDataGridLib.DataGrid of control DataGrid5 was not a loaded control class.
Line 95: Class MSDataGridLib.DataGrid of control DataGrid4 was not a loaded control class.
Line 163: Class MSAdodcLib.Adodc of control Adodc5 was not a loaded control class.
Line 209: Class MSAdodcLib.Adodc of control Adodc4 was not a loaded control class.
Line 274: Class MSDataGridLib.DataGrid of control DataGrid3 was not a loaded control class.
Line 342: Class MSDataGridLib.DataGrid of control DataGrid2 was not a loaded control class.
Line 410: Class MSAdodcLib.Adodc of control Adodc3 was not a loaded control class.
Line 456: Class MSAdodcLib.Adodc of control Adodc2 was not a loaded control class.
Line 521: Class MSDataGridLib.DataGrid of control DataGrid1 was not a loaded control class.
Line 589: Class MSAdodcLib.Adodc of control Adodc1 was not a loaded control class.
Line 31: The property name Bindings in DataGrid5 is invalid.
Line 37: The property name _ExtentX in DataGrid5 is invalid.
Line 38: The property name _ExtentY in DataGrid5 is invalid.
Line 39: The property name _Version in DataGrid5 is invalid.
Line 40: The property name HeadLines in DataGrid5 is invalid.
Line 41: The property name RowHeight in DataGrid5 is invalid.
Line 50: The property name HeadFont in DataGrid5 is invalid.
Line 60: The property name ColumnCount in DataGrid5 is invalid.
Line 73: The property name Column00 in DataGrid5 is invalid.
Line 86: The property name Column01 in DataGrid5 is invalid.
Line 87: The property name SplitCount in DataGrid5 is invalid.
Line 93: The property name Split0 in DataGrid5 is invalid.
Line 96: The property name Bindings in DataGrid4 is invalid.
Line 102: The property name _ExtentX in DataGrid4 is invalid.
Line 103: The property name _ExtentY in DataGrid4 is invalid.
Line 104: The property name _Version in DataGrid4 is invalid.
Line 105: The property name AllowUpdate in DataGrid4 is invalid.
Line 106: The property name HeadLines in DataGrid4 is invalid.
Line 107: The property name RowHeight in DataGrid4 is invalid.
Line 108: The property name AllowAddNew in DataGrid4 is invalid.
Line 109: The property name AllowDelete in DataGrid4 is invalid.
Line 118: The property name HeadFont in DataGrid4 is invalid.
Line 128: The property name ColumnCount in DataGrid4 is invalid.
Line 141: The property name Column00 in DataGrid4 is invalid.
Line 154: The property name Column01 in DataGrid4 is invalid.
Line 155: The property name SplitCount in DataGrid4 is invalid.
Line 161: The property name Split0 in DataGrid4 is invalid.
Line 168: The property name _ExtentX in Adodc5 is invalid.
Line 169: The property name _ExtentY in Adodc5 is invalid.
Line 170: The property name ConnectMode in Adodc5 is invalid.
Line 171: The property name CursorLocation in Adodc5 is invalid.
Line 172: The property name IsolationLevel in Adodc5 is invalid.
Line 173: The property name ConnectionTimeout in Adodc5 is invalid.
Line 174: The property name CommandTimeout in Adodc5 is invalid.
Line 175: The property name CursorType in Adodc5 is invalid.
Line 176: The property name LockType in Adodc5 is invalid.
Line 177: The property name CommandType in Adodc5 is invalid.
Line 178: The property name CursorOptions in Adodc5 is invalid.
Line 179: The property name CacheSize in Adodc5 is invalid.
Line 180: The property name MaxRecords in Adodc5 is invalid.
Line 181: The property name BOFAction in Adodc5 is invalid.
Line 182: The property name EOFAction in Adodc5 is invalid.
Line 183: The property name ConnectStringType in Adodc5 is invalid.
Line 187: The property name Orientation in Adodc5 is invalid.
Line 189: The property name Connect in Adodc5 is invalid.
Line 190: The property name OLEDBString in Adodc5 is invalid.
Line 191: The property name OLEDBFile in Adodc5 is invalid.
Line 192: The property name DataSourceName in Adodc5 is invalid.
Line 193: The property name OtherAttributes in Adodc5 is invalid.
Line 194: The property name UserName in Adodc5 is invalid.
Line 195: The property name Password in Adodc5 is invalid.
Line 196: The property name RecordSource in Adodc5 is invalid.
Line 197: The property name Caption in Adodc5 is invalid.
Line 207: The property name _Version in Adodc5 is invalid.
Line 214: The property name _ExtentX in Adodc4 is invalid.
Line 215: The property name _ExtentY in Adodc4 is invalid.
Line 216: The property name ConnectMode in Adodc4 is invalid.
Line 217: The property name CursorLocation in Adodc4 is invalid.
Line 218: The property name IsolationLevel in Adodc4 is invalid.
Line 219: The property name ConnectionTimeout in Adodc4 is invalid.
Line 220: The property name CommandTimeout in Adodc4 is invalid.
Line 221: The property name CursorType in Adodc4 is invalid.
Line 222: The property name LockType in Adodc4 is invalid.
Line 223: The property name CommandType in Adodc4 is invalid.
Line 224: The property name CursorOptions in Adodc4 is invalid.
Line 225: The property name CacheSize in Adodc4 is invalid.
Line 226: The property name MaxRecords in Adodc4 is invalid.
Line 227: The property name BOFAction in Adodc4 is invalid.
Line 228: The property name EOFAction in Adodc4 is invalid.
Line 229: The property name ConnectStringType in Adodc4 is invalid.
Line 233: The property name Orientation in Adodc4 is invalid.
Line 235: The property name Connect in Adodc4 is invalid.
Line 236: The property name OLEDBString in Adodc4 is invalid.
Line 237: The property name OLEDBFile in Adodc4 is invalid.
Line 238: The property name DataSourceName in Adodc4 is invalid.
Line 239: The property name OtherAttributes in Adodc4 is invalid.
Line 240: The property name UserName in Adodc4 is invalid.
Line 241: The property name Password in Adodc4 is invalid.
Line 242: The property name RecordSource in Adodc4 is invalid.
Line 243: The property name Caption in Adodc4 is invalid.
Line 253: The property name _Version in Adodc4 is invalid.
Line 275: The property name Bindings in DataGrid3 is invalid.
Line 281: The property name _ExtentX in DataGrid3 is invalid.
Line 282: The property name _ExtentY in DataGrid3 is invalid.
Line 283: The property name _Version in DataGrid3 is invalid.
Line 284: The property name AllowUpdate in DataGrid3 is invalid.
Line 285: The property name HeadLines in DataGrid3 is invalid.
Line 286: The property name RowHeight in DataGrid3 is invalid.
Line 287: The property name AllowAddNew in DataGrid3 is invalid.
Line 288: The property name AllowDelete in DataGrid3 is invalid.
Line 297: The property name HeadFont in DataGrid3 is invalid.
Line 307: The property name ColumnCount in DataGrid3 is invalid.
Line 320: The property name Column00 in DataGrid3 is invalid.
Line 333: The property name Column01 in DataGrid3 is invalid.
Line 334: The property name SplitCount in DataGrid3 is invalid.
Line 340: The property name Split0 in DataGrid3 is invalid.
Line 343: The property name Bindings in DataGrid2 is invalid.
Line 349: The property name _ExtentX in DataGrid2 is invalid.
Line 350: The property name _ExtentY in DataGrid2 is invalid.
Line 351: The property name _Version in DataGrid2 is invalid.
Line 352: The property name AllowUpdate in DataGrid2 is invalid.
Line 353: The property name HeadLines in DataGrid2 is invalid.
Line 354: The property name RowHeight in DataGrid2 is invalid.
Line 355: The property name AllowAddNew in DataGrid2 is invalid.
Line 356: The property name AllowDelete in DataGrid2 is invalid.
Line 365: The property name HeadFont in DataGrid2 is invalid.
Line 375: The property name ColumnCount in DataGrid2 is invalid.
Line 388: The property name Column00 in DataGrid2 is invalid.
Line 401: The property name Column01 in DataGrid2 is invalid.
Line 402: The property name SplitCount in DataGrid2 is invalid.
Line 408: The property name Split0 in DataGrid2 is invalid.
Line 415: The property name _ExtentX in Adodc3 is invalid.
Line 416: The property name _ExtentY in Adodc3 is invalid.
Line 417: The property name ConnectMode in Adodc3 is invalid.
Line 418: The property name CursorLocation in Adodc3 is invalid.
Line 419: The property name IsolationLevel in Adodc3 is invalid.
Line 420: The property name ConnectionTimeout in Adodc3 is invalid.
Line 421: The property name CommandTimeout in Adodc3 is invalid.
Line 422: The property name CursorType in Adodc3 is invalid.
Line 423: The property name LockType in Adodc3 is invalid.
Line 424: The property name CommandType in Adodc3 is invalid.
Line 425: The property name CursorOptions in Adodc3 is invalid.
Line 426: The property name CacheSize in Adodc3 is invalid.
Line 427: The property name MaxRecords in Adodc3 is invalid.
Line 428: The property name BOFAction in Adodc3 is invalid.
Line 429: The property name EOFAction in Adodc3 is invalid.
Line 430: The property name ConnectStringType in Adodc3 is invalid.
Line 434: The property name Orientation in Adodc3 is invalid.
Line 436: The property name Connect in Adodc3 is invalid.
Line 437: The property name OLEDBString in Adodc3 is invalid.
Line 438: The property name OLEDBFile in Adodc3 is invalid.
Line 439: The property name DataSourceName in Adodc3 is invalid.
Line 440: The property name OtherAttributes in Adodc3 is invalid.
Line 441: The property name UserName in Adodc3 is invalid.
Line 442: The property name Password in Adodc3 is invalid.
Line 443: The property name RecordSource in Adodc3 is invalid.
Line 444: The property name Caption in Adodc3 is invalid.
Line 454: The property name _Version in Adodc3 is invalid.
Line 461: The property name _ExtentX in Adodc2 is invalid.
Line 462: The property name _ExtentY in Adodc2 is invalid.
Line 463: The property name ConnectMode in Adodc2 is invalid.
Line 464: The property name CursorLocation in Adodc2 is invalid.
Line 465: The property name IsolationLevel in Adodc2 is invalid.
Line 466: The property name ConnectionTimeout in Adodc2 is invalid.
Line 467: The property name CommandTimeout in Adodc2 is invalid.
Line 468: The property name CursorType in Adodc2 is invalid.
Line 469: The property name LockType in Adodc2 is invalid.
Line 470: The property name CommandType in Adodc2 is invalid.
Line 471: The property name CursorOptions in Adodc2 is invalid.
Line 472: The property name CacheSize in Adodc2 is invalid.
Line 473: The property name MaxRecords in Adodc2 is invalid.
Line 474: The property name BOFAction in Adodc2 is invalid.
Line 475: The property name EOFAction in Adodc2 is invalid.
Line 476: The property name ConnectStringType in Adodc2 is invalid.
Line 480: The property name Orientation in Adodc2 is invalid.
Line 482: The property name Connect in Adodc2 is invalid.
Line 483: The property name OLEDBString in Adodc2 is invalid.
Line 484: The property name OLEDBFile in Adodc2 is invalid.
Line 485: The property name DataSourceName in Adodc2 is invalid.
Line 486: The property name OtherAttributes in Adodc2 is invalid.
Line 487: The property name UserName in Adodc2 is invalid.
Line 488: The property name Password in Adodc2 is invalid.
Line 489: The property name RecordSource in Adodc2 is invalid.
Line 490: The property name Caption in Adodc2 is invalid.
Line 500: The property name _Version in Adodc2 is invalid.
Line 522: The property name Bindings in DataGrid1 is invalid.
Line 528: The property name _ExtentX in DataGrid1 is invalid.
Line 529: The property name _ExtentY in DataGrid1 is invalid.
Line 530: The property name _Version in DataGrid1 is invalid.
Line 531: The property name AllowUpdate in DataGrid1 is invalid.
Line 532: The property name HeadLines in DataGrid1 is invalid.
Line 533: The property name RowHeight in DataGrid1 is invalid.
Line 534: The property name AllowAddNew in DataGrid1 is invalid.
Line 535: The property name AllowDelete in DataGrid1 is invalid.
Line 544: The property name HeadFont in DataGrid1 is invalid.
Line 554: The property name ColumnCount in DataGrid1 is invalid.
Line 567: The property name Column00 in DataGrid1 is invalid.
Line 580: The property name Column01 in DataGrid1 is invalid.
Line 581: The property name SplitCount in DataGrid1 is invalid.
Line 587: The property name Split0 in DataGrid1 is invalid.
Line 594: The property name _ExtentX in Adodc1 is invalid.
Line 595: The property name _ExtentY in Adodc1 is invalid.
Line 596: The property name ConnectMode in Adodc1 is invalid.
Line 597: The property name CursorLocation in Adodc1 is invalid.
Line 598: The property name IsolationLevel in Adodc1 is invalid.
Line 599: The property name ConnectionTimeout in Adodc1 is invalid.
Line 600: The property name CommandTimeout in Adodc1 is invalid.
Line 601: The property name CursorType in Adodc1 is invalid.
Line 602: The property name LockType in Adodc1 is invalid.
Line 603: The property name CommandType in Adodc1 is invalid.
Line 604: The property name CursorOptions in Adodc1 is invalid.
Line 605: The property name CacheSize in Adodc1 is invalid.
Line 606: The property name MaxRecords in Adodc1 is invalid.
Line 607: The property name BOFAction in Adodc1 is invalid.
Line 608: The property name EOFAction in Adodc1 is invalid.
Line 609: The property name ConnectStringType in Adodc1 is invalid.
Line 613: The property name Orientation in Adodc1 is invalid.
Line 615: The property name Connect in Adodc1 is invalid.
Line 616: The property name OLEDBString in Adodc1 is invalid.
Line 617: The property name OLEDBFile in Adodc1 is invalid.
Line 618: The property name DataSourceName in Adodc1 is invalid.
Line 619: The property name OtherAttributes in Adodc1 is invalid.
Line 620: The property name UserName in Adodc1 is invalid.
Line 621: The property name Password in Adodc1 is invalid.
Line 622: The property name RecordSource in Adodc1 is invalid.
Line 623: The property name Caption in Adodc1 is invalid.
Line 633: The property name _Version in Adodc1 is invalid.
