
*** Running xst
    with args -ifn "mux.xst" -ofn "mux.srp" -intstyle ise

Reading design: mux.prj

=========================================================================
*                          HDL Parsing                                  *
=========================================================================
Parsing VHDL file "E:/Program/Programs/MSc_CompSc/4th_sem/VLSO/workspace/project_1/project_1.srcs/sources_1/imports/workspace/mux.vhd" into library work
Parsing entity <mux>.
Parsing architecture <Behavioral> of entity <mux>.

=========================================================================
*                            HDL Elaboration                            *
=========================================================================

Elaborating entity <mux> (architecture <Behavioral>) from library <work>.

=========================================================================
*                           HDL Synthesis                               *
=========================================================================

Synthesizing Unit <mux>.
    Related source file is "e:/program/programs/msc_compsc/4th_sem/vlso/workspace/project_1/project_1.srcs/sources_1/imports/workspace/mux.vhd".
    Summary:
	inferred   3 Multiplexer(s).
Unit <mux> synthesized.

=========================================================================
HDL Synthesis Report

Macro Statistics
# Multiplexers                                         : 3
 1-bit 2-to-1 multiplexer                              : 3

=========================================================================

=========================================================================
*                       Advanced HDL Synthesis                          *
=========================================================================


=========================================================================
Advanced HDL Synthesis Report

Macro Statistics
# Multiplexers                                         : 3
 1-bit 2-to-1 multiplexer                              : 3

=========================================================================

=========================================================================
*                         Low Level Synthesis                           *
=========================================================================

Optimizing unit <mux> ...

Mapping all equations...
Building and optimizing final netlist ...
Found area constraint ratio of 100 (+ 0) on block mux, actual ratio is 0.

Final Macro Processing ...

=========================================================================
Final Register Report

Found no macro
=========================================================================

=========================================================================
*                           Partition Report                            *
=========================================================================

Partition Implementation Status
-------------------------------

  No Partitions were found in this design.

-------------------------------

=========================================================================
*                            Design Summary                             *
=========================================================================

Clock Information:
------------------
No clock signals found in this design

Asynchronous Control Signals Information:
----------------------------------------
No asynchronous control signals found in this design

Timing Summary:
---------------
Speed Grade: -1

   Minimum period: No path found
   Minimum input arrival time before clock: No path found
   Maximum output required time after clock: No path found
   Maximum combinational path delay: 1.234ns

=========================================================================
