Running: C:\Xilinx\12.3\ISE_DS\ISE\bin\nt\unwrapped\fuse.exe -intstyle ise -incremental -o D:/Programs/Program/Programs/MSc_CompSc/4th_sem/VLSI/assignment/prjct/counter4bit/counter4bittb_isim_beh.exe -prj D:/Programs/Program/Programs/MSc_CompSc/4th_sem/VLSI/assignment/prjct/counter4bit/counter4bittb_beh.prj work.counter4bittb 
ISim M.70d (signature 0x36e8438f)
Number of CPUs detected in this system: 2
Turning on mult-threading, number of parallel sub-compilation jobs: 4 
Determining compilation order of HDL files
Parsing VHDL file "D:/Programs/Program/Programs/MSc_CompSc/4th_sem/VLSI/assignment/prjct/counter4bit/counter4bitvhd.vhd" into library work
Parsing VHDL file "D:/Programs/Program/Programs/MSc_CompSc/4th_sem/VLSI/assignment/prjct/counter4bit/counter4bittb.vhd" into library work
Starting static elaboration
Completed static elaboration
Fuse Memory Usage: 93276 KB
Fuse CPU Usage: 1216 ms
Using precompiled package standard from library std
Using precompiled package std_logic_1164 from library ieee
Using precompiled package std_logic_arith from library ieee
Using precompiled package std_logic_unsigned from library ieee
Compiling architecture behavioral of entity counter4bitvhd [counter4bitvhd_default]
Compiling architecture behavior of entity counter4bittb
Time Resolution for simulation is 1ps.
Waiting for 1 sub-compilation(s) to finish...
Compiled 7 VHDL Units
Built simulation executable D:/Programs/Program/Programs/MSc_CompSc/4th_sem/VLSI/assignment/prjct/counter4bit/counter4bittb_isim_beh.exe
Fuse Memory Usage: 99016 KB
Fuse CPU Usage: 1372 ms
