ISim log file
Running: D:\Programs\Program\Programs\MSc_CompSc\4th_sem\VLSI\assignment\prjct\counter4bit\counter4bittb_isim_beh.exe -gui -tclbatch isim.cmd -wdb D:/Programs/Program/Programs/MSc_CompSc/4th_sem/VLSI/assignment/prjct/counter4bit/counter4bittb_isim_beh.wdb 
ISim M.70d (signature 0x36e8438f)
----------------------------------------------------------------------
INFO:Security:65 - Your license for 'ISIM' is for trial use only.


----------------------------------------------------------------------
This is a Full version of ISim.
Time resolution is 1 ps
# onerror resume
# wave add /
# run 1000 ns
Simulator is doing circuit initialization process.
Finished circuit initialization process.
# isim force add /counter4bittb/clock 1 -radix bin
# isim force add /counter4bittb/load 1 -radix bin
# run 1.00us
# isim force add /counter4bittb/load 0 -radix bin
# isim force add /counter4bittb/clock 0 -radix bin
# run 1.00us
# isim force add /counter4bittb/clock 1 -radix bin
# run 1.00us
