ISim log file
Running: D:\Programs\Program\Programs\MSc_CompSc\4th_sem\VLSI\assignment\prjct\alu4bit\alu4bittb_isim_beh.exe -gui -tclbatch isim.cmd -wdb D:/Programs/Program/Programs/MSc_CompSc/4th_sem/VLSI/assignment/prjct/alu4bit/alu4bittb_isim_beh.wdb 
ISim M.70d (signature 0x36e8438f)
----------------------------------------------------------------------
INFO:Security:65 - Your license for 'ISIM' is for trial use only.


----------------------------------------------------------------------
This is a Full version of ISim.
Time resolution is 1 ps
# onerror resume
# wave add /
# run 1000 ns
Simulator is doing circuit initialization process.
Finished circuit initialization process.
# isim force add /alu4bittb/a A -radix hex
# isim force add /alu4bittb/b B -radix hex
# isim force add /alu4bittb/m 1 -radix bin
# run all
# run all
# run all
# isim force add /alu4bittb/a B -radix hex
# isim force add /alu4bittb/b A -radix hex
# run all
# isim force add /alu4bittb/m 1 -radix bin
# run all
# isim force add /alu4bittb/operation 011 -radix bin
# run all
# run 1.00us
