#
# An unexpected error has been detected by Java Runtime Environment:
#
#  EXCEPTION_ACCESS_VIOLATION (0xc0000005) at pc=0x69736a3d, pid=3932, tid=2076
#
# Java VM: Java HotSpot(TM) Client VM (1.6.0_01-b06 mixed mode)
# Problematic frame:
# C  [nvoglv32.dll+0x236a3d]
#
# If you would like to submit a bug report, please visit:
#   http://java.sun.com/webapps/bugreport/crash.jsp
#

---------------  T H R E A D  ---------------

Current thread (0x4792cc00):  JavaThread "Java2D Queue Flusher" daemon [_thread_in_native, id=2076]

siginfo: ExceptionCode=0xc0000005, reading address 0x000000a3

Registers:
EAX=0x69a48da0, EBX=0x47d0f320, ECX=0x00000000, EDX=0x00000400
ESP=0x47d0f180, EBP=0x47d0f5e8, ESI=0x00000000, EDI=0x47d0f43c
EIP=0x69736a3d, EFLAGS=0x00010212

Top of Stack: (sp=0x47d0f180)
0x47d0f180:   00000001 499cfa84 499cfa80 00000000
0x47d0f190:   00000000 00000000 00000400 00000300
0x47d0f1a0:   00000000 00000000 00000000 00000000
0x47d0f1b0:   00000000 00000000 00000000 00000000
0x47d0f1c0:   00000000 00000000 00000000 00000000
0x47d0f1d0:   00000000 00000000 00000000 00000000
0x47d0f1e0:   00000000 00000000 00000000 00000000
0x47d0f1f0:   00000000 00000000 00000000 00000000 

Instructions: (pc=0x69736a3d)
0x69736a2d:   88 01 00 8b 48 10 8b 94 24 a8 00 00 00 83 c4 04
0x69736a3d:   f6 81 a3 00 00 00 20 8b 8c 24 a8 00 00 00 74 5e 


Stack: [0x47cc0000,0x47d10000),  sp=0x47d0f180,  free space=316k
Native frames: (J=compiled Java code, j=interpreted, Vv=VM code, C=native code)
C  [nvoglv32.dll+0x236a3d]

Java frames: (J=compiled Java code, j=interpreted, Vv=VM code)
j  sun.java2d.opengl.WGLGraphicsConfig.getWGLConfigInfo(II)J+0
j  sun.java2d.opengl.WGLGraphicsConfig.access$200(II)J+2
j  sun.java2d.opengl.WGLGraphicsConfig$WGLGetConfigInfo.run()V+9
j  sun.java2d.opengl.OGLRenderQueue$QueueFlusher.run()V+95
v  ~StubRoutines::call_stub

---------------  P R O C E S S  ---------------

Java Threads: ( => current thread )
=>0x4792cc00 JavaThread "Java2D Queue Flusher" daemon [_thread_in_native, id=2076]
  0x47924400 JavaThread "Java2D Disposer" daemon [_thread_blocked, id=692]
  0x011fb800 JavaThread "Low Memory Detector" daemon [_thread_blocked, id=560]
  0x011f7400 JavaThread "CompilerThread0" daemon [_thread_blocked, id=1868]
  0x011f6400 JavaThread "Attach Listener" daemon [_thread_blocked, id=3564]
  0x011f5c00 JavaThread "Signal Dispatcher" daemon [_thread_blocked, id=240]
  0x011e7400 JavaThread "Finalizer" daemon [_thread_blocked, id=3036]
  0x011e1800 JavaThread "Reference Handler" daemon [_thread_blocked, id=2168]
  0x003d7000 JavaThread "main" [_thread_blocked, id=4664]

Other Threads:
  0x011df000 VMThread [id=1828]
  0x011fcc00 WatcherThread [id=3308]

VM state:not at safepoint (normal execution)

VM Mutex/Monitor currently owned by a thread: None

Heap
 par new generation   total 2304K, used 650K [0x03230000, 0x034a0000, 0x080f0000)
  eden space 2112K,  30% used [0x03230000, 0x032d2bd0, 0x03440000)
  from space 192K,   0% used [0x03440000, 0x03440000, 0x03470000)
  to   space 192K,   0% used [0x03470000, 0x03470000, 0x034a0000)
 tenured generation   total 30272K, used 0K [0x080f0000, 0x09e80000, 0x43230000)
   the space 30272K,   0% used [0x080f0000, 0x080f0000, 0x080f0200, 0x09e80000)
 compacting perm gen  total 12288K, used 3793K [0x43230000, 0x43e30000, 0x47230000)
   the space 12288K,  30% used [0x43230000, 0x435e4438, 0x435e4600, 0x43e30000)
No shared spaces configured.

Dynamic libraries:
0x00400000 - 0x00423000 	C:\Program Files\Java\jdk1.6.0_01\jre\bin\java.exe
0x77100000 - 0x7721e000 	C:\Windows\system32\ntdll.dll
0x77020000 - 0x770f8000 	C:\Windows\system32\kernel32.dll
0x76820000 - 0x768df000 	C:\Windows\system32\ADVAPI32.dll
0x75bc0000 - 0x75c83000 	C:\Windows\system32\RPCRT4.dll
0x7c340000 - 0x7c396000 	C:\Program Files\Java\jdk1.6.0_01\jre\bin\msvcr71.dll
0x6d870000 - 0x6dab7000 	C:\Program Files\Java\jdk1.6.0_01\jre\bin\client\jvm.dll
0x772a0000 - 0x7733e000 	C:\Windows\system32\USER32.dll
0x768e0000 - 0x7692b000 	C:\Windows\system32\GDI32.dll
0x74150000 - 0x74183000 	C:\Windows\system32\WINMM.dll
0x76d90000 - 0x76e3a000 	C:\Windows\system32\msvcrt.dll
0x76ed0000 - 0x77014000 	C:\Windows\system32\ole32.dll
0x76790000 - 0x7681c000 	C:\Windows\system32\OLEAUT32.dll
0x74110000 - 0x74148000 	C:\Windows\system32\OLEACC.dll
0x75ba0000 - 0x75bbe000 	C:\Windows\system32\IMM32.DLL
0x759d0000 - 0x75a97000 	C:\Windows\system32\MSCTF.dll
0x757f0000 - 0x7581c000 	C:\Windows\system32\apphelp.dll
0x759c0000 - 0x759c9000 	C:\Windows\system32\LPK.DLL
0x75b20000 - 0x75b9d000 	C:\Windows\system32\USP10.dll
0x6d3c0000 - 0x6d3c8000 	C:\Program Files\Java\jdk1.6.0_01\jre\bin\hpi.dll
0x759b0000 - 0x759b7000 	C:\Windows\system32\PSAPI.DLL
0x6d820000 - 0x6d82c000 	C:\Program Files\Java\jdk1.6.0_01\jre\bin\verify.dll
0x6d460000 - 0x6d47f000 	C:\Program Files\Java\jdk1.6.0_01\jre\bin\java.dll
0x6d860000 - 0x6d86f000 	C:\Program Files\Java\jdk1.6.0_01\jre\bin\zip.dll
0x6d0b0000 - 0x6d273000 	C:\Program Files\Java\jdk1.6.0_01\jre\bin\awt.dll
0x724b0000 - 0x724f1000 	C:\Windows\system32\WINSPOOL.DRV
0x6eb60000 - 0x6ec2b000 	C:\Windows\system32\opengl32.dll
0x6f2c0000 - 0x6f2e3000 	C:\Windows\system32\GLU32.dll
0x6e400000 - 0x6e4e6000 	C:\Windows\system32\DDRAW.dll
0x701c0000 - 0x701c6000 	C:\Windows\system32\DCIMAN32.dll
0x76b30000 - 0x76cb8000 	C:\Windows\system32\SETUPAPI.dll
0x72cd0000 - 0x72cdc000 	C:\Windows\system32\dwmapi.dll
0x74720000 - 0x7475f000 	C:\Windows\system32\uxtheme.dll
0x6d360000 - 0x6d3b3000 	C:\Program Files\Java\jdk1.6.0_01\jre\bin\fontmanager.dll
0x69500000 - 0x69a7d000 	C:\Windows\system32\nvoglv32.dll

VM Arguments:
jvm_args: -Xms32m -Xmx1024m -Dsun.java2d.opengl=true -XX:+UseParNewGC
java_command: demos.CPUandGPULoading.PerformanceLoaderGfxScroller
Launcher Type: SUN_STANDARD

Environment Variables:
PATH=C:\Windows\system32;C:\Windows;C:\Windows\System32\Wbem;C:\Windows\system32\nls;C:\Windows\system32\nls\ENGLISH;c:\"Program Files"\Java\jdk1.5.0_06\bin;C:\Program Files\Common Files\GTK\2.0\bin;c:\Program Files\Microsoft SQL Server\90\Tools\binn\
USERNAME=phanna
OS=Windows_NT
PROCESSOR_IDENTIFIER=x86 Family 6 Model 14 Stepping 8, GenuineIntel



---------------  S Y S T E M  ---------------

OS: Windows Vista Build 6000 

CPU:total 2 family 6, cmov, cx8, fxsr, mmx, sse, sse2

Memory: 4k page, physical 2094684k(1217092k free), swap 4194303k(3332436k free)

vm_info: Java HotSpot(TM) Client VM (1.6.0_01-b06) for windows-x86, built on Mar 14 2007 00:24:02 by "java_re" with unknown MS VC++:1310

